2015-09-12	01:49:21	43	User login to application
2015-09-12	06:37:51	43	User login to application
2015-09-12	07:15:46	43	View properties of fertilizer map
2015-09-12	08:35:22	43	Specify condition to create fertilizer map
2015-09-12	09:44:42	43	Specify condition to create fertilizer map
2015-09-12	09:49:51	43	Specify condition to create fertilizer map
2015-09-12	09:51:57	43	User logout
2015-09-12	09:53:31	110	User login to application
2015-09-12	09:53:52	110	Specify condition to create fertilizer map
2015-09-12	09:54:42	110	Create new a layer
2015-09-12	09:55:04	110	Specify condition to create fertilizer map
2015-09-12	09:55:30	110	Create new a layer
2015-09-12	09:55:57	110	Specify condition to create fertilizer map
2015-09-12	09:56:22	110	Specify condition to create fertilizer map
2015-09-12	09:57:33	110	Create new a layer
2015-09-12	09:58:11	110	Specify condition to create fertilizer map
2015-09-12	09:58:16	110	Specify condition to create fertilizer map
2015-09-12	09:58:20	110	Specify condition to create fertilizer map
2015-09-12	09:58:25	110	Specify condition to create fertilizer map
2015-09-12	09:58:51	110	Create new a layer
2015-09-12	10:01:12	110	User logout
2015-09-12	10:01:20	110	User login to application
2015-09-12	10:01:43	110	Specify condition to create fertilizer map
2015-09-12	10:02:07	110	Create new a layer
2015-09-12	10:03:15	110	Create new a layer
2015-09-12	10:03:44	110	Create new a layer
2015-09-12	10:06:21	110	Create new a layer
2015-09-12	10:06:23	110	Confirm condition to create fertilizer map
2015-09-12	10:18:37	110	Confirm condition to create fertilizer map
2015-09-12	10:18:44	110	View properties of fertilizer map
2015-09-12	10:19:22	110	Specify condition to create fertilizer map
2015-09-12	10:19:55	110	Create new a layer
2015-09-12	10:19:56	110	Confirm condition to create fertilizer map
2015-09-12	10:26:04	110	View properties of fertilizer map
2015-09-12	10:27:53	110	Specify condition to create fertilizer map
2015-09-12	10:28:02	110	Specify condition to create fertilizer map
2015-09-12	10:28:12	110	Specify condition to create fertilizer map
2015-09-12	10:28:39	110	Create new a layer
2015-09-12	10:28:41	110	Confirm condition to create fertilizer map
2015-09-12	10:28:48	110	View properties of fertilizer map
2015-09-12	11:06:22	110	View properties of fertilizer map
2015-09-12	11:06:42	110	View properties of fertilizer map
2015-09-12	11:07:11	110	View properties of fertilizer map
2015-09-12	11:07:39	110	View properties of fertilizer map
2015-09-12	11:09:01	110	View properties of fertilizer map
2015-09-12	11:12:14	110	View properties of fertilizer map
